npm WARN EBADENGINE Unsupported engine {
npm WARN EBADENGINE   package: 'react-lottie@1.2.4',
npm WARN EBADENGINE   required: { npm: '^3.0.0' },
npm WARN EBADENGINE   current: { node: 'v20.10.0', npm: '10.2.3' }
npm WARN EBADENGINE }
npm ERR! code EPERM
npm ERR! syscall open
npm ERR! path C:\Users\Dinwi\Projects\portfolio\package.json
npm ERR! errno -4048
npm ERR! Error: EPERM: operation not permitted, open 'C:\Users\Dinwi\Projects\portfolio\package.json'
npm ERR!  [Error: EPERM: operation not permitted, open 'C:\Users\Dinwi\Projects\portfolio\package.json'] {
npm ERR!   errno: -4048,
npm ERR!   code: 'EPERM',
npm ERR!   syscall: 'open',
npm ERR!   path: 'C:\\Users\\Dinwi\\Projects\\portfolio\\package.json'
npm ERR! }
npm ERR! 
npm ERR! The operation was rejected by your operating system.
npm ERR! It's possible that the file was already in use (by a text editor or antivirus),
npm ERR! or that you lack permissions to access it.
npm ERR! 
npm ERR! If you believe this might be a permissions issue, please double-check the
npm ERR! permissions of the file and its containing directories, or try running
npm ERR! the command again as root/Administrator.

npm ERR! A complete log of this run can be found in: C:\Users\Dinwi\AppData\Local\npm-cache\_logs\2025-04-07T06_37_08_575Z-debug-0.log
